14-Jul-2024 12:58:21.474 INFO [main] org.apache.catalina.startup.VersionLoggerListener.log Server version name:   Apache Tomcat/10.0.27
14-Jul-2024 12:58:21.483 INFO [main] org.apache.catalina.startup.VersionLoggerListener.log Server built:          Oct 3 2022 14:18:31 UTC
14-Jul-2024 12:58:21.485 INFO [main] org.apache.catalina.startup.VersionLoggerListener.log Server version number: 10.0.27.0
14-Jul-2024 12:58:21.485 INFO [main] org.apache.catalina.startup.VersionLoggerListener.log OS Name:               Windows 11
14-Jul-2024 12:58:21.485 INFO [main] org.apache.catalina.startup.VersionLoggerListener.log OS Version:            10.0
14-Jul-2024 12:58:21.485 INFO [main] org.apache.catalina.startup.VersionLoggerListener.log Architecture:          amd64
14-Jul-2024 12:58:21.486 INFO [main] org.apache.catalina.startup.VersionLoggerListener.log Java Home:             C:\Program Files\Java\jdk-21
14-Jul-2024 12:58:21.486 INFO [main] org.apache.catalina.startup.VersionLoggerListener.log JVM Version:           21.0.3+7-LTS-152
14-Jul-2024 12:58:21.486 INFO [main] org.apache.catalina.startup.VersionLoggerListener.log JVM Vendor:            Oracle Corporation
14-Jul-2024 12:58:21.486 INFO [main] org.apache.catalina.startup.VersionLoggerListener.log CATALINA_BASE:         D:\Fanshawe\Sem 2\Capstone Project\TravelApp\CapstoneProject\tomcat-10
14-Jul-2024 12:58:21.486 INFO [main] org.apache.catalina.startup.VersionLoggerListener.log CATALINA_HOME:         D:\Fanshawe\Sem 2\Capstone Project\TravelApp\CapstoneProject\tomcat-10
14-Jul-2024 12:58:21.487 INFO [main] org.apache.catalina.startup.VersionLoggerListener.log Command line argument: --add-opens=java.base/java.lang=ALL-UNNAMED
14-Jul-2024 12:58:21.487 INFO [main] org.apache.catalina.startup.VersionLoggerListener.log Command line argument: --add-opens=java.base/java.io=ALL-UNNAMED
14-Jul-2024 12:58:21.487 INFO [main] org.apache.catalina.startup.VersionLoggerListener.log Command line argument: --add-opens=java.base/java.util=ALL-UNNAMED
14-Jul-2024 12:58:21.488 INFO [main] org.apache.catalina.startup.VersionLoggerListener.log Command line argument: --add-opens=java.base/java.util.concurrent=ALL-UNNAMED
14-Jul-2024 12:58:21.488 INFO [main] org.apache.catalina.startup.VersionLoggerListener.log Command line argument: --add-opens=java.rmi/sun.rmi.transport=ALL-UNNAMED
14-Jul-2024 12:58:21.488 INFO [main] org.apache.catalina.startup.VersionLoggerListener.log Command line argument: -Djava.util.logging.config.file=D:\Fanshawe\Sem 2\Capstone Project\TravelApp\CapstoneProject\tomcat-10\conf\logging.properties
14-Jul-2024 12:58:21.489 INFO [main] org.apache.catalina.startup.VersionLoggerListener.log Command line argument: -Djava.util.logging.manager=org.apache.juli.ClassLoaderLogManager
14-Jul-2024 12:58:21.489 INFO [main] org.apache.catalina.startup.VersionLoggerListener.log Command line argument: -Djdk.tls.ephemeralDHKeySize=2048
14-Jul-2024 12:58:21.489 INFO [main] org.apache.catalina.startup.VersionLoggerListener.log Command line argument: -Djava.protocol.handler.pkgs=org.apache.catalina.webresources
14-Jul-2024 12:58:21.489 INFO [main] org.apache.catalina.startup.VersionLoggerListener.log Command line argument: -javaagent:C:/tools/glowroot/glowroot.jar
14-Jul-2024 12:58:21.489 INFO [main] org.apache.catalina.startup.VersionLoggerListener.log Command line argument: -Dignore.endorsed.dirs=
14-Jul-2024 12:58:21.489 INFO [main] org.apache.catalina.startup.VersionLoggerListener.log Command line argument: -Dcatalina.base=D:\Fanshawe\Sem 2\Capstone Project\TravelApp\CapstoneProject\tomcat-10
14-Jul-2024 12:58:21.490 INFO [main] org.apache.catalina.startup.VersionLoggerListener.log Command line argument: -Dcatalina.home=D:\Fanshawe\Sem 2\Capstone Project\TravelApp\CapstoneProject\tomcat-10
14-Jul-2024 12:58:21.490 INFO [main] org.apache.catalina.startup.VersionLoggerListener.log Command line argument: -Djava.io.tmpdir=D:\Fanshawe\Sem 2\Capstone Project\TravelApp\CapstoneProject\tomcat-10\temp
14-Jul-2024 12:58:21.504 INFO [main] org.apache.catalina.core.AprLifecycleListener.lifecycleEvent The Apache Tomcat Native library which allows using OpenSSL was not found on the java.library.path: [C:\Program Files\Java\jdk-21\bin;C:\WINDOWS\Sun\Java\bin;C:\WINDOWS\system32;C:\WINDOWS;C:\Program Files (x86)\NVIDIA Corporation\PhysX\Common;C:\Python310;C:\Python310\;C:\Program Files\Common Files\Oracle\Java\javapath;C:\oraclexe\app\oracle\product\11.2.0\server\bin;C:\Program Files\Python39\Scripts\;C:\Program Files\Python39\;C:\WINDOWS\system32;C:\WINDOWS;C:\WINDOWS\System32\Wbem;C:\WINDOWS\System32\WindowsPowerShell\v1.0\;C:\WINDOWS\System32\OpenSSH\;C:\Android;C:\Windows\System32;C:\Program Files\Git\cmd;E:\Downloads\apache-maven-3.9.3-bin\apache-maven-3.9.3\bin;C:\Program Files\Docker\Docker\resources\bin;C:\Program Files\Amazon\AWSCLIV2\;C:\Program Files\nodejs\;C:\Program Files\Java\jdk-21\bin;D:\apache-maven-3.9.3\bin;C:\Program Files\MySQL\MySQL Shell 8.0\bin\;C:\Users\Rutvik Patel\AppData\Local\Microsoft\WindowsApps;C:\Users\Rutvik Patel\AppData\Local\Programs\Microsoft VS Code\bin;C:\Program Files (x86)\mingw-w64\i686-8.1.0-posix-dwarf-rt_v6-rev0\mingw32\bin;C:\MinGW\bin;C:\Program Files\Java\jdk-16.0.2\bin;C:\Python310;C:\Users\Rutvik Patel\AppData\Local\Programs\Hyper\resources\bin;C:\Users\Rutvik Patel\AppData\Local\GitHubDesktop\bin;C:\Users\Rutvik Patel\AppData\Local\Programs\Python\Python311\Scripts;C:\Users\Rutvik Patel\AppData\Local\Programs\Python\Python311;C:\Users\Rutvik Patel\AppData\Roaming\npm;E:\Downloads\apache-maven-3.9.3-bin\apache-maven-3.9.3\bin;;.]
14-Jul-2024 12:58:21.935 INFO [main] org.apache.coyote.AbstractProtocol.init Initializing ProtocolHandler ["http-nio-8080"]
14-Jul-2024 12:58:21.966 INFO [main] org.apache.catalina.startup.Catalina.load Server initialization in [1107] milliseconds
14-Jul-2024 12:58:22.136 INFO [main] org.apache.catalina.core.StandardService.startInternal Starting service [Catalina]
14-Jul-2024 12:58:22.137 INFO [main] org.apache.catalina.core.StandardEngine.startInternal Starting Servlet engine: [Apache Tomcat/10.0.27]
14-Jul-2024 12:58:22.282 INFO [main] org.apache.catalina.startup.HostConfig.deployWAR Deploying web application archive [D:\Fanshawe\Sem 2\Capstone Project\TravelApp\CapstoneProject\tomcat-10\webapps\TravelApp.war]
14-Jul-2024 12:58:23.602 INFO [main] org.apache.jasper.servlet.TldScanner.scanJars At least one JAR was scanned for TLDs yet contained no TLDs. Enable debug logging for this logger for a complete list of JARs that were scanned but no TLDs were found in them. Skipping unneeded JARs during scanning can improve startup time and JSP compilation time.
14-Jul-2024 12:58:23.756 INFO [main] org.apache.catalina.startup.HostConfig.deployWAR Deployment of web application archive [D:\Fanshawe\Sem 2\Capstone Project\TravelApp\CapstoneProject\tomcat-10\webapps\TravelApp.war] has finished in [1,470] ms
14-Jul-2024 12:58:23.760 INFO [main] org.apache.catalina.startup.HostConfig.deployDirectory Deploying web application directory [D:\Fanshawe\Sem 2\Capstone Project\TravelApp\CapstoneProject\tomcat-10\webapps\docs]
14-Jul-2024 12:58:24.155 INFO [main] org.apache.jasper.servlet.TldScanner.scanJars At least one JAR was scanned for TLDs yet contained no TLDs. Enable debug logging for this logger for a complete list of JARs that were scanned but no TLDs were found in them. Skipping unneeded JARs during scanning can improve startup time and JSP compilation time.
14-Jul-2024 12:58:24.164 INFO [main] org.apache.catalina.startup.HostConfig.deployDirectory Deployment of web application directory [D:\Fanshawe\Sem 2\Capstone Project\TravelApp\CapstoneProject\tomcat-10\webapps\docs] has finished in [403] ms
14-Jul-2024 12:58:24.165 INFO [main] org.apache.catalina.startup.HostConfig.deployDirectory Deploying web application directory [D:\Fanshawe\Sem 2\Capstone Project\TravelApp\CapstoneProject\tomcat-10\webapps\examples]
14-Jul-2024 12:58:26.442 INFO [main] org.apache.jasper.servlet.TldScanner.scanJars At least one JAR was scanned for TLDs yet contained no TLDs. Enable debug logging for this logger for a complete list of JARs that were scanned but no TLDs were found in them. Skipping unneeded JARs during scanning can improve startup time and JSP compilation time.
14-Jul-2024 12:58:26.562 INFO [main] org.apache.catalina.startup.HostConfig.deployDirectory Deployment of web application directory [D:\Fanshawe\Sem 2\Capstone Project\TravelApp\CapstoneProject\tomcat-10\webapps\examples] has finished in [2,397] ms
14-Jul-2024 12:58:26.562 INFO [main] org.apache.catalina.startup.HostConfig.deployDirectory Deploying web application directory [D:\Fanshawe\Sem 2\Capstone Project\TravelApp\CapstoneProject\tomcat-10\webapps\host-manager]
14-Jul-2024 12:58:27.093 INFO [main] org.apache.jasper.servlet.TldScanner.scanJars At least one JAR was scanned for TLDs yet contained no TLDs. Enable debug logging for this logger for a complete list of JARs that were scanned but no TLDs were found in them. Skipping unneeded JARs during scanning can improve startup time and JSP compilation time.
14-Jul-2024 12:58:27.103 INFO [main] org.apache.catalina.startup.HostConfig.deployDirectory Deployment of web application directory [D:\Fanshawe\Sem 2\Capstone Project\TravelApp\CapstoneProject\tomcat-10\webapps\host-manager] has finished in [540] ms
14-Jul-2024 12:58:27.104 INFO [main] org.apache.catalina.startup.HostConfig.deployDirectory Deploying web application directory [D:\Fanshawe\Sem 2\Capstone Project\TravelApp\CapstoneProject\tomcat-10\webapps\manager]
14-Jul-2024 12:58:27.531 INFO [main] org.apache.jasper.servlet.TldScanner.scanJars At least one JAR was scanned for TLDs yet contained no TLDs. Enable debug logging for this logger for a complete list of JARs that were scanned but no TLDs were found in them. Skipping unneeded JARs during scanning can improve startup time and JSP compilation time.
14-Jul-2024 12:58:27.537 INFO [main] org.apache.catalina.startup.HostConfig.deployDirectory Deployment of web application directory [D:\Fanshawe\Sem 2\Capstone Project\TravelApp\CapstoneProject\tomcat-10\webapps\manager] has finished in [434] ms
14-Jul-2024 12:58:27.538 INFO [main] org.apache.catalina.startup.HostConfig.deployDirectory Deploying web application directory [D:\Fanshawe\Sem 2\Capstone Project\TravelApp\CapstoneProject\tomcat-10\webapps\ROOT]
14-Jul-2024 12:58:27.925 INFO [main] org.apache.jasper.servlet.TldScanner.scanJars At least one JAR was scanned for TLDs yet contained no TLDs. Enable debug logging for this logger for a complete list of JARs that were scanned but no TLDs were found in them. Skipping unneeded JARs during scanning can improve startup time and JSP compilation time.
14-Jul-2024 12:58:27.929 INFO [main] org.apache.catalina.startup.HostConfig.deployDirectory Deployment of web application directory [D:\Fanshawe\Sem 2\Capstone Project\TravelApp\CapstoneProject\tomcat-10\webapps\ROOT] has finished in [390] ms
14-Jul-2024 12:58:27.941 INFO [main] org.apache.coyote.AbstractProtocol.start Starting ProtocolHandler ["http-nio-8080"]
14-Jul-2024 12:58:27.978 INFO [main] org.apache.catalina.startup.Catalina.start Server startup in [6010] milliseconds
