02-Aug-2024 17:49:21.529 INFO [main] org.apache.catalina.startup.VersionLoggerListener.log Server version name:   Apache Tomcat/10.0.27
02-Aug-2024 17:49:21.551 INFO [main] org.apache.catalina.startup.VersionLoggerListener.log Server built:          Oct 3 2022 14:18:31 UTC
02-Aug-2024 17:49:21.556 INFO [main] org.apache.catalina.startup.VersionLoggerListener.log Server version number: 10.0.27.0
02-Aug-2024 17:49:21.557 INFO [main] org.apache.catalina.startup.VersionLoggerListener.log OS Name:               Windows 11
02-Aug-2024 17:49:21.557 INFO [main] org.apache.catalina.startup.VersionLoggerListener.log OS Version:            10.0
02-Aug-2024 17:49:21.558 INFO [main] org.apache.catalina.startup.VersionLoggerListener.log Architecture:          amd64
02-Aug-2024 17:49:21.558 INFO [main] org.apache.catalina.startup.VersionLoggerListener.log Java Home:             C:\Program Files\Java\jdk-21
02-Aug-2024 17:49:21.559 INFO [main] org.apache.catalina.startup.VersionLoggerListener.log JVM Version:           21.0.3+7-LTS-152
02-Aug-2024 17:49:21.559 INFO [main] org.apache.catalina.startup.VersionLoggerListener.log JVM Vendor:            Oracle Corporation
02-Aug-2024 17:49:21.559 INFO [main] org.apache.catalina.startup.VersionLoggerListener.log CATALINA_BASE:         D:\Fanshawe\Sem 2\Capstone Project\TravelApp\CapstoneProject\tomcat-10
02-Aug-2024 17:49:21.560 INFO [main] org.apache.catalina.startup.VersionLoggerListener.log CATALINA_HOME:         D:\Fanshawe\Sem 2\Capstone Project\TravelApp\CapstoneProject\tomcat-10
02-Aug-2024 17:49:21.561 INFO [main] org.apache.catalina.startup.VersionLoggerListener.log Command line argument: --add-opens=java.base/java.lang=ALL-UNNAMED
02-Aug-2024 17:49:21.561 INFO [main] org.apache.catalina.startup.VersionLoggerListener.log Command line argument: --add-opens=java.base/java.io=ALL-UNNAMED
02-Aug-2024 17:49:21.561 INFO [main] org.apache.catalina.startup.VersionLoggerListener.log Command line argument: --add-opens=java.base/java.util=ALL-UNNAMED
02-Aug-2024 17:49:21.562 INFO [main] org.apache.catalina.startup.VersionLoggerListener.log Command line argument: --add-opens=java.base/java.util.concurrent=ALL-UNNAMED
02-Aug-2024 17:49:21.562 INFO [main] org.apache.catalina.startup.VersionLoggerListener.log Command line argument: --add-opens=java.rmi/sun.rmi.transport=ALL-UNNAMED
02-Aug-2024 17:49:21.562 INFO [main] org.apache.catalina.startup.VersionLoggerListener.log Command line argument: -Djava.util.logging.config.file=D:\Fanshawe\Sem 2\Capstone Project\TravelApp\CapstoneProject\tomcat-10\conf\logging.properties
02-Aug-2024 17:49:21.562 INFO [main] org.apache.catalina.startup.VersionLoggerListener.log Command line argument: -Djava.util.logging.manager=org.apache.juli.ClassLoaderLogManager
02-Aug-2024 17:49:21.563 INFO [main] org.apache.catalina.startup.VersionLoggerListener.log Command line argument: -Djdk.tls.ephemeralDHKeySize=2048
02-Aug-2024 17:49:21.563 INFO [main] org.apache.catalina.startup.VersionLoggerListener.log Command line argument: -Djava.protocol.handler.pkgs=org.apache.catalina.webresources
02-Aug-2024 17:49:21.563 INFO [main] org.apache.catalina.startup.VersionLoggerListener.log Command line argument: -javaagent:C:/tools/glowroot/glowroot.jar
02-Aug-2024 17:49:21.563 INFO [main] org.apache.catalina.startup.VersionLoggerListener.log Command line argument: -Dignore.endorsed.dirs=
02-Aug-2024 17:49:21.563 INFO [main] org.apache.catalina.startup.VersionLoggerListener.log Command line argument: -Dcatalina.base=D:\Fanshawe\Sem 2\Capstone Project\TravelApp\CapstoneProject\tomcat-10
02-Aug-2024 17:49:21.564 INFO [main] org.apache.catalina.startup.VersionLoggerListener.log Command line argument: -Dcatalina.home=D:\Fanshawe\Sem 2\Capstone Project\TravelApp\CapstoneProject\tomcat-10
02-Aug-2024 17:49:21.564 INFO [main] org.apache.catalina.startup.VersionLoggerListener.log Command line argument: -Djava.io.tmpdir=D:\Fanshawe\Sem 2\Capstone Project\TravelApp\CapstoneProject\tomcat-10\temp
02-Aug-2024 17:49:21.594 INFO [main] org.apache.catalina.core.AprLifecycleListener.lifecycleEvent The Apache Tomcat Native library which allows using OpenSSL was not found on the java.library.path: [C:\Program Files\Java\jdk-21\bin;C:\WINDOWS\Sun\Java\bin;C:\WINDOWS\system32;C:\WINDOWS;C:\Program Files (x86)\NVIDIA Corporation\PhysX\Common;C:\Python310;C:\Python310\;C:\Program Files\Common Files\Oracle\Java\javapath;C:\oraclexe\app\oracle\product\11.2.0\server\bin;C:\Program Files\Python39\Scripts\;C:\Program Files\Python39\;C:\WINDOWS\system32;C:\WINDOWS;C:\WINDOWS\System32\Wbem;C:\WINDOWS\System32\WindowsPowerShell\v1.0\;C:\WINDOWS\System32\OpenSSH\;C:\Android;C:\Windows\System32;C:\Program Files\Git\cmd;E:\Downloads\apache-maven-3.9.3-bin\apache-maven-3.9.3\bin;C:\Program Files\Docker\Docker\resources\bin;C:\Program Files\Amazon\AWSCLIV2\;C:\Program Files\nodejs\;C:\Program Files\Java\jdk-21\bin;D:\apache-maven-3.9.3\bin;C:\Program Files\MySQL\MySQL Server 8.0\bin;C:\Program Files\MySQL\MySQL Shell 8.0\bin\;C:\Users\Rutvik Patel\AppData\Local\Microsoft\WindowsApps;C:\Users\Rutvik Patel\AppData\Local\Programs\Microsoft VS Code\bin;C:\Program Files (x86)\mingw-w64\i686-8.1.0-posix-dwarf-rt_v6-rev0\mingw32\bin;C:\MinGW\bin;C:\Program Files\Java\jdk-16.0.2\bin;C:\Python310;C:\Users\Rutvik Patel\AppData\Local\Programs\Hyper\resources\bin;C:\Users\Rutvik Patel\AppData\Local\GitHubDesktop\bin;C:\Users\Rutvik Patel\AppData\Local\Programs\Python\Python311\Scripts;C:\Users\Rutvik Patel\AppData\Local\Programs\Python\Python311;C:\Users\Rutvik Patel\AppData\Roaming\npm;E:\Downloads\apache-maven-3.9.3-bin\apache-maven-3.9.3\bin;;.]
02-Aug-2024 17:49:22.183 INFO [main] org.apache.coyote.AbstractProtocol.init Initializing ProtocolHandler ["http-nio-8080"]
02-Aug-2024 17:49:22.228 INFO [main] org.apache.catalina.startup.Catalina.load Server initialization in [1562] milliseconds
02-Aug-2024 17:49:22.491 INFO [main] org.apache.catalina.core.StandardService.startInternal Starting service [Catalina]
02-Aug-2024 17:49:22.492 INFO [main] org.apache.catalina.core.StandardEngine.startInternal Starting Servlet engine: [Apache Tomcat/10.0.27]
02-Aug-2024 17:49:22.662 INFO [main] org.apache.catalina.startup.HostConfig.deployWAR Deploying web application archive [D:\Fanshawe\Sem 2\Capstone Project\TravelApp\CapstoneProject\tomcat-10\webapps\TravelApp.war]
02-Aug-2024 17:49:24.836 INFO [main] org.apache.jasper.servlet.TldScanner.scanJars At least one JAR was scanned for TLDs yet contained no TLDs. Enable debug logging for this logger for a complete list of JARs that were scanned but no TLDs were found in them. Skipping unneeded JARs during scanning can improve startup time and JSP compilation time.
02-Aug-2024 17:49:25.090 INFO [main] org.apache.catalina.startup.HostConfig.deployWAR Deployment of web application archive [D:\Fanshawe\Sem 2\Capstone Project\TravelApp\CapstoneProject\tomcat-10\webapps\TravelApp.war] has finished in [2,420] ms
02-Aug-2024 17:49:25.095 INFO [main] org.apache.catalina.startup.HostConfig.deployDirectory Deploying web application directory [D:\Fanshawe\Sem 2\Capstone Project\TravelApp\CapstoneProject\tomcat-10\webapps\attic2]
02-Aug-2024 17:49:25.905 INFO [main] org.apache.jasper.servlet.TldScanner.scanJars At least one JAR was scanned for TLDs yet contained no TLDs. Enable debug logging for this logger for a complete list of JARs that were scanned but no TLDs were found in them. Skipping unneeded JARs during scanning can improve startup time and JSP compilation time.
02-Aug-2024 17:49:25.912 INFO [main] org.apache.catalina.startup.HostConfig.deployDirectory Deployment of web application directory [D:\Fanshawe\Sem 2\Capstone Project\TravelApp\CapstoneProject\tomcat-10\webapps\attic2] has finished in [817] ms
02-Aug-2024 17:49:25.913 INFO [main] org.apache.catalina.startup.HostConfig.deployDirectory Deploying web application directory [D:\Fanshawe\Sem 2\Capstone Project\TravelApp\CapstoneProject\tomcat-10\webapps\docs]
02-Aug-2024 17:49:26.670 INFO [main] org.apache.jasper.servlet.TldScanner.scanJars At least one JAR was scanned for TLDs yet contained no TLDs. Enable debug logging for this logger for a complete list of JARs that were scanned but no TLDs were found in them. Skipping unneeded JARs during scanning can improve startup time and JSP compilation time.
02-Aug-2024 17:49:26.678 INFO [main] org.apache.catalina.startup.HostConfig.deployDirectory Deployment of web application directory [D:\Fanshawe\Sem 2\Capstone Project\TravelApp\CapstoneProject\tomcat-10\webapps\docs] has finished in [764] ms
02-Aug-2024 17:49:26.679 INFO [main] org.apache.catalina.startup.HostConfig.deployDirectory Deploying web application directory [D:\Fanshawe\Sem 2\Capstone Project\TravelApp\CapstoneProject\tomcat-10\webapps\examples]
02-Aug-2024 17:49:29.305 INFO [main] org.apache.jasper.servlet.TldScanner.scanJars At least one JAR was scanned for TLDs yet contained no TLDs. Enable debug logging for this logger for a complete list of JARs that were scanned but no TLDs were found in them. Skipping unneeded JARs during scanning can improve startup time and JSP compilation time.
02-Aug-2024 17:49:29.568 INFO [main] org.apache.catalina.startup.HostConfig.deployDirectory Deployment of web application directory [D:\Fanshawe\Sem 2\Capstone Project\TravelApp\CapstoneProject\tomcat-10\webapps\examples] has finished in [2,888] ms
02-Aug-2024 17:49:29.569 INFO [main] org.apache.catalina.startup.HostConfig.deployDirectory Deploying web application directory [D:\Fanshawe\Sem 2\Capstone Project\TravelApp\CapstoneProject\tomcat-10\webapps\host-manager]
02-Aug-2024 17:49:30.399 INFO [main] org.apache.jasper.servlet.TldScanner.scanJars At least one JAR was scanned for TLDs yet contained no TLDs. Enable debug logging for this logger for a complete list of JARs that were scanned but no TLDs were found in them. Skipping unneeded JARs during scanning can improve startup time and JSP compilation time.
02-Aug-2024 17:49:30.420 INFO [main] org.apache.catalina.startup.HostConfig.deployDirectory Deployment of web application directory [D:\Fanshawe\Sem 2\Capstone Project\TravelApp\CapstoneProject\tomcat-10\webapps\host-manager] has finished in [851] ms
02-Aug-2024 17:49:30.421 INFO [main] org.apache.catalina.startup.HostConfig.deployDirectory Deploying web application directory [D:\Fanshawe\Sem 2\Capstone Project\TravelApp\CapstoneProject\tomcat-10\webapps\manager]
02-Aug-2024 17:49:31.061 INFO [main] org.apache.jasper.servlet.TldScanner.scanJars At least one JAR was scanned for TLDs yet contained no TLDs. Enable debug logging for this logger for a complete list of JARs that were scanned but no TLDs were found in them. Skipping unneeded JARs during scanning can improve startup time and JSP compilation time.
02-Aug-2024 17:49:31.070 INFO [main] org.apache.catalina.startup.HostConfig.deployDirectory Deployment of web application directory [D:\Fanshawe\Sem 2\Capstone Project\TravelApp\CapstoneProject\tomcat-10\webapps\manager] has finished in [649] ms
02-Aug-2024 17:49:31.071 INFO [main] org.apache.catalina.startup.HostConfig.deployDirectory Deploying web application directory [D:\Fanshawe\Sem 2\Capstone Project\TravelApp\CapstoneProject\tomcat-10\webapps\ROOT]
02-Aug-2024 17:49:31.601 INFO [main] org.apache.jasper.servlet.TldScanner.scanJars At least one JAR was scanned for TLDs yet contained no TLDs. Enable debug logging for this logger for a complete list of JARs that were scanned but no TLDs were found in them. Skipping unneeded JARs during scanning can improve startup time and JSP compilation time.
02-Aug-2024 17:49:31.608 INFO [main] org.apache.catalina.startup.HostConfig.deployDirectory Deployment of web application directory [D:\Fanshawe\Sem 2\Capstone Project\TravelApp\CapstoneProject\tomcat-10\webapps\ROOT] has finished in [536] ms
02-Aug-2024 17:49:31.623 INFO [main] org.apache.coyote.AbstractProtocol.start Starting ProtocolHandler ["http-nio-8080"]
02-Aug-2024 17:49:31.685 INFO [main] org.apache.catalina.startup.Catalina.start Server startup in [9454] milliseconds
02-Aug-2024 19:15:50.174 INFO [Thread-11] org.apache.coyote.AbstractProtocol.pause Pausing ProtocolHandler ["http-nio-8080"]
02-Aug-2024 19:15:50.239 INFO [Thread-11] org.apache.catalina.core.StandardService.stopInternal Stopping service [Catalina]
02-Aug-2024 19:15:51.402 INFO [Thread-11] org.apache.coyote.AbstractProtocol.stop Stopping ProtocolHandler ["http-nio-8080"]
02-Aug-2024 19:15:51.425 INFO [Thread-11] org.apache.coyote.AbstractProtocol.destroy Destroying ProtocolHandler ["http-nio-8080"]
02-Aug-2024 19:16:08.699 INFO [main] org.apache.catalina.startup.VersionLoggerListener.log Server version name:   Apache Tomcat/10.0.27
02-Aug-2024 19:16:08.712 INFO [main] org.apache.catalina.startup.VersionLoggerListener.log Server built:          Oct 3 2022 14:18:31 UTC
02-Aug-2024 19:16:08.714 INFO [main] org.apache.catalina.startup.VersionLoggerListener.log Server version number: 10.0.27.0
02-Aug-2024 19:16:08.714 INFO [main] org.apache.catalina.startup.VersionLoggerListener.log OS Name:               Windows 11
02-Aug-2024 19:16:08.714 INFO [main] org.apache.catalina.startup.VersionLoggerListener.log OS Version:            10.0
02-Aug-2024 19:16:08.715 INFO [main] org.apache.catalina.startup.VersionLoggerListener.log Architecture:          amd64
02-Aug-2024 19:16:08.715 INFO [main] org.apache.catalina.startup.VersionLoggerListener.log Java Home:             C:\Program Files\Java\jdk-21
02-Aug-2024 19:16:08.715 INFO [main] org.apache.catalina.startup.VersionLoggerListener.log JVM Version:           21.0.3+7-LTS-152
02-Aug-2024 19:16:08.715 INFO [main] org.apache.catalina.startup.VersionLoggerListener.log JVM Vendor:            Oracle Corporation
02-Aug-2024 19:16:08.715 INFO [main] org.apache.catalina.startup.VersionLoggerListener.log CATALINA_BASE:         D:\Fanshawe\Sem 2\Capstone Project\TravelApp\CapstoneProject\tomcat-10
02-Aug-2024 19:16:08.715 INFO [main] org.apache.catalina.startup.VersionLoggerListener.log CATALINA_HOME:         D:\Fanshawe\Sem 2\Capstone Project\TravelApp\CapstoneProject\tomcat-10
02-Aug-2024 19:16:08.717 INFO [main] org.apache.catalina.startup.VersionLoggerListener.log Command line argument: --add-opens=java.base/java.lang=ALL-UNNAMED
02-Aug-2024 19:16:08.718 INFO [main] org.apache.catalina.startup.VersionLoggerListener.log Command line argument: --add-opens=java.base/java.io=ALL-UNNAMED
02-Aug-2024 19:16:08.718 INFO [main] org.apache.catalina.startup.VersionLoggerListener.log Command line argument: --add-opens=java.base/java.util=ALL-UNNAMED
02-Aug-2024 19:16:08.718 INFO [main] org.apache.catalina.startup.VersionLoggerListener.log Command line argument: --add-opens=java.base/java.util.concurrent=ALL-UNNAMED
02-Aug-2024 19:16:08.719 INFO [main] org.apache.catalina.startup.VersionLoggerListener.log Command line argument: --add-opens=java.rmi/sun.rmi.transport=ALL-UNNAMED
02-Aug-2024 19:16:08.719 INFO [main] org.apache.catalina.startup.VersionLoggerListener.log Command line argument: -Djava.util.logging.config.file=D:\Fanshawe\Sem 2\Capstone Project\TravelApp\CapstoneProject\tomcat-10\conf\logging.properties
02-Aug-2024 19:16:08.720 INFO [main] org.apache.catalina.startup.VersionLoggerListener.log Command line argument: -Djava.util.logging.manager=org.apache.juli.ClassLoaderLogManager
02-Aug-2024 19:16:08.720 INFO [main] org.apache.catalina.startup.VersionLoggerListener.log Command line argument: -Djdk.tls.ephemeralDHKeySize=2048
02-Aug-2024 19:16:08.720 INFO [main] org.apache.catalina.startup.VersionLoggerListener.log Command line argument: -Djava.protocol.handler.pkgs=org.apache.catalina.webresources
02-Aug-2024 19:16:08.721 INFO [main] org.apache.catalina.startup.VersionLoggerListener.log Command line argument: -javaagent:C:/tools/glowroot/glowroot.jar
02-Aug-2024 19:16:08.721 INFO [main] org.apache.catalina.startup.VersionLoggerListener.log Command line argument: -Dignore.endorsed.dirs=
02-Aug-2024 19:16:08.721 INFO [main] org.apache.catalina.startup.VersionLoggerListener.log Command line argument: -Dcatalina.base=D:\Fanshawe\Sem 2\Capstone Project\TravelApp\CapstoneProject\tomcat-10
02-Aug-2024 19:16:08.722 INFO [main] org.apache.catalina.startup.VersionLoggerListener.log Command line argument: -Dcatalina.home=D:\Fanshawe\Sem 2\Capstone Project\TravelApp\CapstoneProject\tomcat-10
02-Aug-2024 19:16:08.722 INFO [main] org.apache.catalina.startup.VersionLoggerListener.log Command line argument: -Djava.io.tmpdir=D:\Fanshawe\Sem 2\Capstone Project\TravelApp\CapstoneProject\tomcat-10\temp
02-Aug-2024 19:16:08.753 INFO [main] org.apache.catalina.core.AprLifecycleListener.lifecycleEvent The Apache Tomcat Native library which allows using OpenSSL was not found on the java.library.path: [C:\Program Files\Java\jdk-21\bin;C:\WINDOWS\Sun\Java\bin;C:\WINDOWS\system32;C:\WINDOWS;C:\Program Files (x86)\NVIDIA Corporation\PhysX\Common;C:\Python310;C:\Python310\;C:\Program Files\Common Files\Oracle\Java\javapath;C:\oraclexe\app\oracle\product\11.2.0\server\bin;C:\Program Files\Python39\Scripts\;C:\Program Files\Python39\;C:\WINDOWS\system32;C:\WINDOWS;C:\WINDOWS\System32\Wbem;C:\WINDOWS\System32\WindowsPowerShell\v1.0\;C:\WINDOWS\System32\OpenSSH\;C:\Android;C:\Windows\System32;C:\Program Files\Git\cmd;E:\Downloads\apache-maven-3.9.3-bin\apache-maven-3.9.3\bin;C:\Program Files\Docker\Docker\resources\bin;C:\Program Files\Amazon\AWSCLIV2\;C:\Program Files\nodejs\;C:\Program Files\Java\jdk-21\bin;D:\apache-maven-3.9.3\bin;C:\Program Files\MySQL\MySQL Server 8.0\bin;C:\Program Files\MySQL\MySQL Shell 8.0\bin\;C:\Users\Rutvik Patel\AppData\Local\Microsoft\WindowsApps;C:\Users\Rutvik Patel\AppData\Local\Programs\Microsoft VS Code\bin;C:\Program Files (x86)\mingw-w64\i686-8.1.0-posix-dwarf-rt_v6-rev0\mingw32\bin;C:\MinGW\bin;C:\Program Files\Java\jdk-16.0.2\bin;C:\Python310;C:\Users\Rutvik Patel\AppData\Local\Programs\Hyper\resources\bin;C:\Users\Rutvik Patel\AppData\Local\GitHubDesktop\bin;C:\Users\Rutvik Patel\AppData\Local\Programs\Python\Python311\Scripts;C:\Users\Rutvik Patel\AppData\Local\Programs\Python\Python311;C:\Users\Rutvik Patel\AppData\Roaming\npm;E:\Downloads\apache-maven-3.9.3-bin\apache-maven-3.9.3\bin;;.]
02-Aug-2024 19:16:09.223 INFO [main] org.apache.coyote.AbstractProtocol.init Initializing ProtocolHandler ["http-nio-8080"]
02-Aug-2024 19:16:09.259 INFO [main] org.apache.catalina.startup.Catalina.load Server initialization in [1197] milliseconds
02-Aug-2024 19:16:09.466 INFO [main] org.apache.catalina.core.StandardService.startInternal Starting service [Catalina]
02-Aug-2024 19:16:09.467 INFO [main] org.apache.catalina.core.StandardEngine.startInternal Starting Servlet engine: [Apache Tomcat/10.0.27]
02-Aug-2024 19:16:09.516 INFO [main] org.apache.catalina.startup.HostConfig.deployWAR Deploying web application archive [D:\Fanshawe\Sem 2\Capstone Project\TravelApp\CapstoneProject\tomcat-10\webapps\TravelApp.war]
02-Aug-2024 19:16:10.841 INFO [main] org.apache.jasper.servlet.TldScanner.scanJars At least one JAR was scanned for TLDs yet contained no TLDs. Enable debug logging for this logger for a complete list of JARs that were scanned but no TLDs were found in them. Skipping unneeded JARs during scanning can improve startup time and JSP compilation time.
02-Aug-2024 19:16:11.014 INFO [main] org.apache.catalina.startup.HostConfig.deployWAR Deployment of web application archive [D:\Fanshawe\Sem 2\Capstone Project\TravelApp\CapstoneProject\tomcat-10\webapps\TravelApp.war] has finished in [1,494] ms
02-Aug-2024 19:16:11.016 INFO [main] org.apache.catalina.startup.HostConfig.deployDirectory Deploying web application directory [D:\Fanshawe\Sem 2\Capstone Project\TravelApp\CapstoneProject\tomcat-10\webapps\attic2]
02-Aug-2024 19:16:11.459 INFO [main] org.apache.jasper.servlet.TldScanner.scanJars At least one JAR was scanned for TLDs yet contained no TLDs. Enable debug logging for this logger for a complete list of JARs that were scanned but no TLDs were found in them. Skipping unneeded JARs during scanning can improve startup time and JSP compilation time.
02-Aug-2024 19:16:11.465 INFO [main] org.apache.catalina.startup.HostConfig.deployDirectory Deployment of web application directory [D:\Fanshawe\Sem 2\Capstone Project\TravelApp\CapstoneProject\tomcat-10\webapps\attic2] has finished in [449] ms
02-Aug-2024 19:16:11.466 INFO [main] org.apache.catalina.startup.HostConfig.deployDirectory Deploying web application directory [D:\Fanshawe\Sem 2\Capstone Project\TravelApp\CapstoneProject\tomcat-10\webapps\docs]
02-Aug-2024 19:16:11.984 INFO [main] org.apache.jasper.servlet.TldScanner.scanJars At least one JAR was scanned for TLDs yet contained no TLDs. Enable debug logging for this logger for a complete list of JARs that were scanned but no TLDs were found in them. Skipping unneeded JARs during scanning can improve startup time and JSP compilation time.
02-Aug-2024 19:16:11.989 INFO [main] org.apache.catalina.startup.HostConfig.deployDirectory Deployment of web application directory [D:\Fanshawe\Sem 2\Capstone Project\TravelApp\CapstoneProject\tomcat-10\webapps\docs] has finished in [523] ms
02-Aug-2024 19:16:11.990 INFO [main] org.apache.catalina.startup.HostConfig.deployDirectory Deploying web application directory [D:\Fanshawe\Sem 2\Capstone Project\TravelApp\CapstoneProject\tomcat-10\webapps\examples]
02-Aug-2024 19:16:12.976 INFO [main] org.apache.jasper.servlet.TldScanner.scanJars At least one JAR was scanned for TLDs yet contained no TLDs. Enable debug logging for this logger for a complete list of JARs that were scanned but no TLDs were found in them. Skipping unneeded JARs during scanning can improve startup time and JSP compilation time.
02-Aug-2024 19:16:13.144 INFO [main] org.apache.catalina.startup.HostConfig.deployDirectory Deployment of web application directory [D:\Fanshawe\Sem 2\Capstone Project\TravelApp\CapstoneProject\tomcat-10\webapps\examples] has finished in [1,153] ms
02-Aug-2024 19:16:13.144 INFO [main] org.apache.catalina.startup.HostConfig.deployDirectory Deploying web application directory [D:\Fanshawe\Sem 2\Capstone Project\TravelApp\CapstoneProject\tomcat-10\webapps\host-manager]
02-Aug-2024 19:16:13.708 INFO [main] org.apache.jasper.servlet.TldScanner.scanJars At least one JAR was scanned for TLDs yet contained no TLDs. Enable debug logging for this logger for a complete list of JARs that were scanned but no TLDs were found in them. Skipping unneeded JARs during scanning can improve startup time and JSP compilation time.
02-Aug-2024 19:16:13.721 INFO [main] org.apache.catalina.startup.HostConfig.deployDirectory Deployment of web application directory [D:\Fanshawe\Sem 2\Capstone Project\TravelApp\CapstoneProject\tomcat-10\webapps\host-manager] has finished in [576] ms
02-Aug-2024 19:16:13.721 INFO [main] org.apache.catalina.startup.HostConfig.deployDirectory Deploying web application directory [D:\Fanshawe\Sem 2\Capstone Project\TravelApp\CapstoneProject\tomcat-10\webapps\manager]
02-Aug-2024 19:16:14.134 INFO [main] org.apache.jasper.servlet.TldScanner.scanJars At least one JAR was scanned for TLDs yet contained no TLDs. Enable debug logging for this logger for a complete list of JARs that were scanned but no TLDs were found in them. Skipping unneeded JARs during scanning can improve startup time and JSP compilation time.
02-Aug-2024 19:16:14.137 INFO [main] org.apache.catalina.startup.HostConfig.deployDirectory Deployment of web application directory [D:\Fanshawe\Sem 2\Capstone Project\TravelApp\CapstoneProject\tomcat-10\webapps\manager] has finished in [416] ms
02-Aug-2024 19:16:14.138 INFO [main] org.apache.catalina.startup.HostConfig.deployDirectory Deploying web application directory [D:\Fanshawe\Sem 2\Capstone Project\TravelApp\CapstoneProject\tomcat-10\webapps\ROOT]
02-Aug-2024 19:16:14.465 INFO [main] org.apache.jasper.servlet.TldScanner.scanJars At least one JAR was scanned for TLDs yet contained no TLDs. Enable debug logging for this logger for a complete list of JARs that were scanned but no TLDs were found in them. Skipping unneeded JARs during scanning can improve startup time and JSP compilation time.
02-Aug-2024 19:16:14.469 INFO [main] org.apache.catalina.startup.HostConfig.deployDirectory Deployment of web application directory [D:\Fanshawe\Sem 2\Capstone Project\TravelApp\CapstoneProject\tomcat-10\webapps\ROOT] has finished in [331] ms
02-Aug-2024 19:16:14.479 INFO [main] org.apache.coyote.AbstractProtocol.start Starting ProtocolHandler ["http-nio-8080"]
02-Aug-2024 19:16:14.518 INFO [main] org.apache.catalina.startup.Catalina.start Server startup in [5256] milliseconds
