13-Jul-2024 13:25:00.505 INFO [main] org.apache.catalina.startup.VersionLoggerListener.log Server version name:   Apache Tomcat/10.0.27
13-Jul-2024 13:25:00.520 INFO [main] org.apache.catalina.startup.VersionLoggerListener.log Server built:          Oct 3 2022 14:18:31 UTC
13-Jul-2024 13:25:00.521 INFO [main] org.apache.catalina.startup.VersionLoggerListener.log Server version number: 10.0.27.0
13-Jul-2024 13:25:00.521 INFO [main] org.apache.catalina.startup.VersionLoggerListener.log OS Name:               Windows 11
13-Jul-2024 13:25:00.522 INFO [main] org.apache.catalina.startup.VersionLoggerListener.log OS Version:            10.0
13-Jul-2024 13:25:00.522 INFO [main] org.apache.catalina.startup.VersionLoggerListener.log Architecture:          amd64
13-Jul-2024 13:25:00.523 INFO [main] org.apache.catalina.startup.VersionLoggerListener.log Java Home:             C:\Program Files\Java\jdk-21
13-Jul-2024 13:25:00.523 INFO [main] org.apache.catalina.startup.VersionLoggerListener.log JVM Version:           21.0.3+7-LTS-152
13-Jul-2024 13:25:00.523 INFO [main] org.apache.catalina.startup.VersionLoggerListener.log JVM Vendor:            Oracle Corporation
13-Jul-2024 13:25:00.524 INFO [main] org.apache.catalina.startup.VersionLoggerListener.log CATALINA_BASE:         D:\Fanshawe\Sem 2\Capstone Project\TravelApp\CapstoneProject\tomcat-10
13-Jul-2024 13:25:00.524 INFO [main] org.apache.catalina.startup.VersionLoggerListener.log CATALINA_HOME:         D:\Fanshawe\Sem 2\Capstone Project\TravelApp\CapstoneProject\tomcat-10
13-Jul-2024 13:25:00.525 INFO [main] org.apache.catalina.startup.VersionLoggerListener.log Command line argument: --add-opens=java.base/java.lang=ALL-UNNAMED
13-Jul-2024 13:25:00.526 INFO [main] org.apache.catalina.startup.VersionLoggerListener.log Command line argument: --add-opens=java.base/java.io=ALL-UNNAMED
13-Jul-2024 13:25:00.526 INFO [main] org.apache.catalina.startup.VersionLoggerListener.log Command line argument: --add-opens=java.base/java.util=ALL-UNNAMED
13-Jul-2024 13:25:00.526 INFO [main] org.apache.catalina.startup.VersionLoggerListener.log Command line argument: --add-opens=java.base/java.util.concurrent=ALL-UNNAMED
13-Jul-2024 13:25:00.526 INFO [main] org.apache.catalina.startup.VersionLoggerListener.log Command line argument: --add-opens=java.rmi/sun.rmi.transport=ALL-UNNAMED
13-Jul-2024 13:25:00.527 INFO [main] org.apache.catalina.startup.VersionLoggerListener.log Command line argument: -Djava.util.logging.config.file=D:\Fanshawe\Sem 2\Capstone Project\TravelApp\CapstoneProject\tomcat-10\conf\logging.properties
13-Jul-2024 13:25:00.527 INFO [main] org.apache.catalina.startup.VersionLoggerListener.log Command line argument: -Djava.util.logging.manager=org.apache.juli.ClassLoaderLogManager
13-Jul-2024 13:25:00.528 INFO [main] org.apache.catalina.startup.VersionLoggerListener.log Command line argument: -Djdk.tls.ephemeralDHKeySize=2048
13-Jul-2024 13:25:00.528 INFO [main] org.apache.catalina.startup.VersionLoggerListener.log Command line argument: -Djava.protocol.handler.pkgs=org.apache.catalina.webresources
13-Jul-2024 13:25:00.529 INFO [main] org.apache.catalina.startup.VersionLoggerListener.log Command line argument: -javaagent:C:/tools/glowroot/glowroot.jar
13-Jul-2024 13:25:00.529 INFO [main] org.apache.catalina.startup.VersionLoggerListener.log Command line argument: -Dignore.endorsed.dirs=
13-Jul-2024 13:25:00.530 INFO [main] org.apache.catalina.startup.VersionLoggerListener.log Command line argument: -Dcatalina.base=D:\Fanshawe\Sem 2\Capstone Project\TravelApp\CapstoneProject\tomcat-10
13-Jul-2024 13:25:00.530 INFO [main] org.apache.catalina.startup.VersionLoggerListener.log Command line argument: -Dcatalina.home=D:\Fanshawe\Sem 2\Capstone Project\TravelApp\CapstoneProject\tomcat-10
13-Jul-2024 13:25:00.530 INFO [main] org.apache.catalina.startup.VersionLoggerListener.log Command line argument: -Djava.io.tmpdir=D:\Fanshawe\Sem 2\Capstone Project\TravelApp\CapstoneProject\tomcat-10\temp
13-Jul-2024 13:25:00.560 INFO [main] org.apache.catalina.core.AprLifecycleListener.lifecycleEvent The Apache Tomcat Native library which allows using OpenSSL was not found on the java.library.path: [C:\Program Files\Java\jdk-21\bin;C:\WINDOWS\Sun\Java\bin;C:\WINDOWS\system32;C:\WINDOWS;C:\Program Files (x86)\NVIDIA Corporation\PhysX\Common;C:\Python310;C:\Python310\;C:\Program Files\Common Files\Oracle\Java\javapath;C:\oraclexe\app\oracle\product\11.2.0\server\bin;C:\Program Files\Python39\Scripts\;C:\Program Files\Python39\;C:\WINDOWS\system32;C:\WINDOWS;C:\WINDOWS\System32\Wbem;C:\WINDOWS\System32\WindowsPowerShell\v1.0\;C:\WINDOWS\System32\OpenSSH\;C:\Android;C:\Windows\System32;C:\Program Files\Git\cmd;E:\Downloads\apache-maven-3.9.3-bin\apache-maven-3.9.3\bin;C:\Program Files\Docker\Docker\resources\bin;C:\Program Files\Amazon\AWSCLIV2\;C:\Program Files\nodejs\;C:\Program Files\Java\jdk-21\bin;D:\apache-maven-3.9.3\bin;C:\Program Files\MySQL\MySQL Shell 8.0\bin\;C:\Users\Rutvik Patel\AppData\Local\Microsoft\WindowsApps;C:\Users\Rutvik Patel\AppData\Local\Programs\Microsoft VS Code\bin;C:\Program Files (x86)\mingw-w64\i686-8.1.0-posix-dwarf-rt_v6-rev0\mingw32\bin;C:\MinGW\bin;C:\Program Files\Java\jdk-16.0.2\bin;C:\Python310;C:\Users\Rutvik Patel\AppData\Local\Programs\Hyper\resources\bin;C:\Users\Rutvik Patel\AppData\Local\GitHubDesktop\bin;C:\Users\Rutvik Patel\AppData\Local\Programs\Python\Python311\Scripts;C:\Users\Rutvik Patel\AppData\Local\Programs\Python\Python311;C:\Users\Rutvik Patel\AppData\Roaming\npm;E:\Downloads\apache-maven-3.9.3-bin\apache-maven-3.9.3\bin;;.]
13-Jul-2024 13:25:01.161 INFO [main] org.apache.coyote.AbstractProtocol.init Initializing ProtocolHandler ["http-nio-8080"]
13-Jul-2024 13:25:01.211 INFO [main] org.apache.catalina.startup.Catalina.load Server initialization in [1506] milliseconds
13-Jul-2024 13:25:01.459 INFO [main] org.apache.catalina.core.StandardService.startInternal Starting service [Catalina]
13-Jul-2024 13:25:01.460 INFO [main] org.apache.catalina.core.StandardEngine.startInternal Starting Servlet engine: [Apache Tomcat/10.0.27]
13-Jul-2024 13:25:01.592 INFO [main] org.apache.catalina.startup.HostConfig.deployWAR Deploying web application archive [D:\Fanshawe\Sem 2\Capstone Project\TravelApp\CapstoneProject\tomcat-10\webapps\TravelApp.war]
13-Jul-2024 13:25:03.538 INFO [main] org.apache.jasper.servlet.TldScanner.scanJars At least one JAR was scanned for TLDs yet contained no TLDs. Enable debug logging for this logger for a complete list of JARs that were scanned but no TLDs were found in them. Skipping unneeded JARs during scanning can improve startup time and JSP compilation time.
13-Jul-2024 13:25:03.729 INFO [main] org.apache.catalina.startup.HostConfig.deployWAR Deployment of web application archive [D:\Fanshawe\Sem 2\Capstone Project\TravelApp\CapstoneProject\tomcat-10\webapps\TravelApp.war] has finished in [2,131] ms
13-Jul-2024 13:25:03.733 INFO [main] org.apache.catalina.startup.HostConfig.deployDirectory Deploying web application directory [D:\Fanshawe\Sem 2\Capstone Project\TravelApp\CapstoneProject\tomcat-10\webapps\docs]
13-Jul-2024 13:25:04.288 INFO [main] org.apache.jasper.servlet.TldScanner.scanJars At least one JAR was scanned for TLDs yet contained no TLDs. Enable debug logging for this logger for a complete list of JARs that were scanned but no TLDs were found in them. Skipping unneeded JARs during scanning can improve startup time and JSP compilation time.
13-Jul-2024 13:25:04.295 INFO [main] org.apache.catalina.startup.HostConfig.deployDirectory Deployment of web application directory [D:\Fanshawe\Sem 2\Capstone Project\TravelApp\CapstoneProject\tomcat-10\webapps\docs] has finished in [561] ms
13-Jul-2024 13:25:04.295 INFO [main] org.apache.catalina.startup.HostConfig.deployDirectory Deploying web application directory [D:\Fanshawe\Sem 2\Capstone Project\TravelApp\CapstoneProject\tomcat-10\webapps\examples]
13-Jul-2024 13:25:06.719 INFO [main] org.apache.jasper.servlet.TldScanner.scanJars At least one JAR was scanned for TLDs yet contained no TLDs. Enable debug logging for this logger for a complete list of JARs that were scanned but no TLDs were found in them. Skipping unneeded JARs during scanning can improve startup time and JSP compilation time.
13-Jul-2024 13:25:06.892 INFO [main] org.apache.catalina.startup.HostConfig.deployDirectory Deployment of web application directory [D:\Fanshawe\Sem 2\Capstone Project\TravelApp\CapstoneProject\tomcat-10\webapps\examples] has finished in [2,597] ms
13-Jul-2024 13:25:06.893 INFO [main] org.apache.catalina.startup.HostConfig.deployDirectory Deploying web application directory [D:\Fanshawe\Sem 2\Capstone Project\TravelApp\CapstoneProject\tomcat-10\webapps\host-manager]
13-Jul-2024 13:25:07.506 INFO [main] org.apache.jasper.servlet.TldScanner.scanJars At least one JAR was scanned for TLDs yet contained no TLDs. Enable debug logging for this logger for a complete list of JARs that were scanned but no TLDs were found in them. Skipping unneeded JARs during scanning can improve startup time and JSP compilation time.
13-Jul-2024 13:25:07.519 INFO [main] org.apache.catalina.startup.HostConfig.deployDirectory Deployment of web application directory [D:\Fanshawe\Sem 2\Capstone Project\TravelApp\CapstoneProject\tomcat-10\webapps\host-manager] has finished in [626] ms
13-Jul-2024 13:25:07.521 INFO [main] org.apache.catalina.startup.HostConfig.deployDirectory Deploying web application directory [D:\Fanshawe\Sem 2\Capstone Project\TravelApp\CapstoneProject\tomcat-10\webapps\manager]
13-Jul-2024 13:25:08.091 INFO [main] org.apache.jasper.servlet.TldScanner.scanJars At least one JAR was scanned for TLDs yet contained no TLDs. Enable debug logging for this logger for a complete list of JARs that were scanned but no TLDs were found in them. Skipping unneeded JARs during scanning can improve startup time and JSP compilation time.
13-Jul-2024 13:25:08.097 INFO [main] org.apache.catalina.startup.HostConfig.deployDirectory Deployment of web application directory [D:\Fanshawe\Sem 2\Capstone Project\TravelApp\CapstoneProject\tomcat-10\webapps\manager] has finished in [576] ms
13-Jul-2024 13:25:08.098 INFO [main] org.apache.catalina.startup.HostConfig.deployDirectory Deploying web application directory [D:\Fanshawe\Sem 2\Capstone Project\TravelApp\CapstoneProject\tomcat-10\webapps\ROOT]
13-Jul-2024 13:25:08.563 INFO [main] org.apache.jasper.servlet.TldScanner.scanJars At least one JAR was scanned for TLDs yet contained no TLDs. Enable debug logging for this logger for a complete list of JARs that were scanned but no TLDs were found in them. Skipping unneeded JARs during scanning can improve startup time and JSP compilation time.
13-Jul-2024 13:25:08.568 INFO [main] org.apache.catalina.startup.HostConfig.deployDirectory Deployment of web application directory [D:\Fanshawe\Sem 2\Capstone Project\TravelApp\CapstoneProject\tomcat-10\webapps\ROOT] has finished in [470] ms
13-Jul-2024 13:25:08.578 INFO [main] org.apache.coyote.AbstractProtocol.start Starting ProtocolHandler ["http-nio-8080"]
13-Jul-2024 13:25:08.625 INFO [main] org.apache.catalina.startup.Catalina.start Server startup in [7410] milliseconds
13-Jul-2024 14:56:32.537 INFO [Thread-11] org.apache.coyote.AbstractProtocol.pause Pausing ProtocolHandler ["http-nio-8080"]
13-Jul-2024 14:56:32.833 INFO [Thread-11] org.apache.catalina.core.StandardService.stopInternal Stopping service [Catalina]
