30-Jul-2024 18:16:18.745 INFO [main] org.apache.catalina.startup.VersionLoggerListener.log Server version name:   Apache Tomcat/10.0.27
30-Jul-2024 18:16:18.745 INFO [main] org.apache.catalina.startup.VersionLoggerListener.log Server built:          Oct 3 2022 14:18:31 UTC
30-Jul-2024 18:16:18.760 INFO [main] org.apache.catalina.startup.VersionLoggerListener.log Server version number: 10.0.27.0
30-Jul-2024 18:16:18.760 INFO [main] org.apache.catalina.startup.VersionLoggerListener.log OS Name:               Windows 11
30-Jul-2024 18:16:18.760 INFO [main] org.apache.catalina.startup.VersionLoggerListener.log OS Version:            10.0
30-Jul-2024 18:16:18.760 INFO [main] org.apache.catalina.startup.VersionLoggerListener.log Architecture:          amd64
30-Jul-2024 18:16:18.760 INFO [main] org.apache.catalina.startup.VersionLoggerListener.log Java Home:             C:\Program Files\Java\jdk-21
30-Jul-2024 18:16:18.760 INFO [main] org.apache.catalina.startup.VersionLoggerListener.log JVM Version:           21.0.3+7-LTS-152
30-Jul-2024 18:16:18.760 INFO [main] org.apache.catalina.startup.VersionLoggerListener.log JVM Vendor:            Oracle Corporation
30-Jul-2024 18:16:18.760 INFO [main] org.apache.catalina.startup.VersionLoggerListener.log CATALINA_BASE:         D:\Fanshawe\Sem 2\Capstone Project\TravelApp\CapstoneProject\tomcat-10
30-Jul-2024 18:16:18.760 INFO [main] org.apache.catalina.startup.VersionLoggerListener.log CATALINA_HOME:         D:\Fanshawe\Sem 2\Capstone Project\TravelApp\CapstoneProject\tomcat-10
30-Jul-2024 18:16:18.760 INFO [main] org.apache.catalina.startup.VersionLoggerListener.log Command line argument: --add-opens=java.base/java.lang=ALL-UNNAMED
30-Jul-2024 18:16:18.760 INFO [main] org.apache.catalina.startup.VersionLoggerListener.log Command line argument: --add-opens=java.base/java.io=ALL-UNNAMED
30-Jul-2024 18:16:18.760 INFO [main] org.apache.catalina.startup.VersionLoggerListener.log Command line argument: --add-opens=java.base/java.util=ALL-UNNAMED
30-Jul-2024 18:16:18.760 INFO [main] org.apache.catalina.startup.VersionLoggerListener.log Command line argument: --add-opens=java.base/java.util.concurrent=ALL-UNNAMED
30-Jul-2024 18:16:18.760 INFO [main] org.apache.catalina.startup.VersionLoggerListener.log Command line argument: --add-opens=java.rmi/sun.rmi.transport=ALL-UNNAMED
30-Jul-2024 18:16:18.760 INFO [main] org.apache.catalina.startup.VersionLoggerListener.log Command line argument: -Djava.util.logging.config.file=D:\Fanshawe\Sem 2\Capstone Project\TravelApp\CapstoneProject\tomcat-10\conf\logging.properties
30-Jul-2024 18:16:18.760 INFO [main] org.apache.catalina.startup.VersionLoggerListener.log Command line argument: -Djava.util.logging.manager=org.apache.juli.ClassLoaderLogManager
30-Jul-2024 18:16:18.760 INFO [main] org.apache.catalina.startup.VersionLoggerListener.log Command line argument: -Djdk.tls.ephemeralDHKeySize=2048
30-Jul-2024 18:16:18.760 INFO [main] org.apache.catalina.startup.VersionLoggerListener.log Command line argument: -Djava.protocol.handler.pkgs=org.apache.catalina.webresources
30-Jul-2024 18:16:18.760 INFO [main] org.apache.catalina.startup.VersionLoggerListener.log Command line argument: -javaagent:C:/tools/glowroot/glowroot.jar
30-Jul-2024 18:16:18.760 INFO [main] org.apache.catalina.startup.VersionLoggerListener.log Command line argument: -Dignore.endorsed.dirs=
30-Jul-2024 18:16:18.760 INFO [main] org.apache.catalina.startup.VersionLoggerListener.log Command line argument: -Dcatalina.base=D:\Fanshawe\Sem 2\Capstone Project\TravelApp\CapstoneProject\tomcat-10
30-Jul-2024 18:16:18.760 INFO [main] org.apache.catalina.startup.VersionLoggerListener.log Command line argument: -Dcatalina.home=D:\Fanshawe\Sem 2\Capstone Project\TravelApp\CapstoneProject\tomcat-10
30-Jul-2024 18:16:18.760 INFO [main] org.apache.catalina.startup.VersionLoggerListener.log Command line argument: -Djava.io.tmpdir=D:\Fanshawe\Sem 2\Capstone Project\TravelApp\CapstoneProject\tomcat-10\temp
30-Jul-2024 18:16:18.792 INFO [main] org.apache.catalina.core.AprLifecycleListener.lifecycleEvent The Apache Tomcat Native library which allows using OpenSSL was not found on the java.library.path: [C:\Program Files\Java\jdk-21\bin;C:\WINDOWS\Sun\Java\bin;C:\WINDOWS\system32;C:\WINDOWS;C:\Program Files (x86)\NVIDIA Corporation\PhysX\Common;C:\Python310;C:\Python310\;C:\Program Files\Common Files\Oracle\Java\javapath;C:\oraclexe\app\oracle\product\11.2.0\server\bin;C:\Program Files\Python39\Scripts\;C:\Program Files\Python39\;C:\WINDOWS\system32;C:\WINDOWS;C:\WINDOWS\System32\Wbem;C:\WINDOWS\System32\WindowsPowerShell\v1.0\;C:\WINDOWS\System32\OpenSSH\;C:\Android;C:\Windows\System32;C:\Program Files\Git\cmd;E:\Downloads\apache-maven-3.9.3-bin\apache-maven-3.9.3\bin;C:\Program Files\Docker\Docker\resources\bin;C:\Program Files\Amazon\AWSCLIV2\;C:\Program Files\nodejs\;C:\Program Files\Java\jdk-21\bin;D:\apache-maven-3.9.3\bin;C:\Program Files\MySQL\MySQL Server 8.0\bin;C:\Program Files\MySQL\MySQL Shell 8.0\bin\;C:\Users\Rutvik Patel\AppData\Local\Microsoft\WindowsApps;C:\Users\Rutvik Patel\AppData\Local\Programs\Microsoft VS Code\bin;C:\Program Files (x86)\mingw-w64\i686-8.1.0-posix-dwarf-rt_v6-rev0\mingw32\bin;C:\MinGW\bin;C:\Program Files\Java\jdk-16.0.2\bin;C:\Python310;C:\Users\Rutvik Patel\AppData\Local\Programs\Hyper\resources\bin;C:\Users\Rutvik Patel\AppData\Local\GitHubDesktop\bin;C:\Users\Rutvik Patel\AppData\Local\Programs\Python\Python311\Scripts;C:\Users\Rutvik Patel\AppData\Local\Programs\Python\Python311;C:\Users\Rutvik Patel\AppData\Roaming\npm;E:\Downloads\apache-maven-3.9.3-bin\apache-maven-3.9.3\bin;;.]
30-Jul-2024 18:16:19.313 INFO [main] org.apache.coyote.AbstractProtocol.init Initializing ProtocolHandler ["http-nio-8080"]
30-Jul-2024 18:16:19.360 INFO [main] org.apache.catalina.startup.Catalina.load Server initialization in [1373] milliseconds
30-Jul-2024 18:16:19.563 INFO [main] org.apache.catalina.core.StandardService.startInternal Starting service [Catalina]
30-Jul-2024 18:16:19.563 INFO [main] org.apache.catalina.core.StandardEngine.startInternal Starting Servlet engine: [Apache Tomcat/10.0.27]
30-Jul-2024 18:16:19.657 INFO [main] org.apache.catalina.startup.HostConfig.deployWAR Deploying web application archive [D:\Fanshawe\Sem 2\Capstone Project\TravelApp\CapstoneProject\tomcat-10\webapps\TravelApp.war]
30-Jul-2024 18:16:21.423 INFO [main] org.apache.jasper.servlet.TldScanner.scanJars At least one JAR was scanned for TLDs yet contained no TLDs. Enable debug logging for this logger for a complete list of JARs that were scanned but no TLDs were found in them. Skipping unneeded JARs during scanning can improve startup time and JSP compilation time.
30-Jul-2024 18:16:21.689 INFO [main] org.apache.catalina.startup.HostConfig.deployWAR Deployment of web application archive [D:\Fanshawe\Sem 2\Capstone Project\TravelApp\CapstoneProject\tomcat-10\webapps\TravelApp.war] has finished in [2,017] ms
30-Jul-2024 18:16:21.689 INFO [main] org.apache.catalina.startup.HostConfig.deployDirectory Deploying web application directory [D:\Fanshawe\Sem 2\Capstone Project\TravelApp\CapstoneProject\tomcat-10\webapps\attic2]
30-Jul-2024 18:16:22.127 INFO [main] org.apache.jasper.servlet.TldScanner.scanJars At least one JAR was scanned for TLDs yet contained no TLDs. Enable debug logging for this logger for a complete list of JARs that were scanned but no TLDs were found in them. Skipping unneeded JARs during scanning can improve startup time and JSP compilation time.
30-Jul-2024 18:16:22.143 INFO [main] org.apache.catalina.startup.HostConfig.deployDirectory Deployment of web application directory [D:\Fanshawe\Sem 2\Capstone Project\TravelApp\CapstoneProject\tomcat-10\webapps\attic2] has finished in [454] ms
30-Jul-2024 18:16:22.143 INFO [main] org.apache.catalina.startup.HostConfig.deployDirectory Deploying web application directory [D:\Fanshawe\Sem 2\Capstone Project\TravelApp\CapstoneProject\tomcat-10\webapps\docs]
30-Jul-2024 18:16:22.753 INFO [main] org.apache.jasper.servlet.TldScanner.scanJars At least one JAR was scanned for TLDs yet contained no TLDs. Enable debug logging for this logger for a complete list of JARs that were scanned but no TLDs were found in them. Skipping unneeded JARs during scanning can improve startup time and JSP compilation time.
30-Jul-2024 18:16:22.753 INFO [main] org.apache.catalina.startup.HostConfig.deployDirectory Deployment of web application directory [D:\Fanshawe\Sem 2\Capstone Project\TravelApp\CapstoneProject\tomcat-10\webapps\docs] has finished in [610] ms
30-Jul-2024 18:16:22.753 INFO [main] org.apache.catalina.startup.HostConfig.deployDirectory Deploying web application directory [D:\Fanshawe\Sem 2\Capstone Project\TravelApp\CapstoneProject\tomcat-10\webapps\examples]
30-Jul-2024 18:16:24.520 INFO [main] org.apache.jasper.servlet.TldScanner.scanJars At least one JAR was scanned for TLDs yet contained no TLDs. Enable debug logging for this logger for a complete list of JARs that were scanned but no TLDs were found in them. Skipping unneeded JARs during scanning can improve startup time and JSP compilation time.
30-Jul-2024 18:16:24.698 INFO [main] org.apache.catalina.startup.HostConfig.deployDirectory Deployment of web application directory [D:\Fanshawe\Sem 2\Capstone Project\TravelApp\CapstoneProject\tomcat-10\webapps\examples] has finished in [1,945] ms
30-Jul-2024 18:16:24.699 INFO [main] org.apache.catalina.startup.HostConfig.deployDirectory Deploying web application directory [D:\Fanshawe\Sem 2\Capstone Project\TravelApp\CapstoneProject\tomcat-10\webapps\host-manager]
30-Jul-2024 18:16:25.296 INFO [main] org.apache.jasper.servlet.TldScanner.scanJars At least one JAR was scanned for TLDs yet contained no TLDs. Enable debug logging for this logger for a complete list of JARs that were scanned but no TLDs were found in them. Skipping unneeded JARs during scanning can improve startup time and JSP compilation time.
30-Jul-2024 18:16:25.307 INFO [main] org.apache.catalina.startup.HostConfig.deployDirectory Deployment of web application directory [D:\Fanshawe\Sem 2\Capstone Project\TravelApp\CapstoneProject\tomcat-10\webapps\host-manager] has finished in [609] ms
30-Jul-2024 18:16:25.308 INFO [main] org.apache.catalina.startup.HostConfig.deployDirectory Deploying web application directory [D:\Fanshawe\Sem 2\Capstone Project\TravelApp\CapstoneProject\tomcat-10\webapps\manager]
30-Jul-2024 18:16:25.830 INFO [main] org.apache.jasper.servlet.TldScanner.scanJars At least one JAR was scanned for TLDs yet contained no TLDs. Enable debug logging for this logger for a complete list of JARs that were scanned but no TLDs were found in them. Skipping unneeded JARs during scanning can improve startup time and JSP compilation time.
30-Jul-2024 18:16:25.834 INFO [main] org.apache.catalina.startup.HostConfig.deployDirectory Deployment of web application directory [D:\Fanshawe\Sem 2\Capstone Project\TravelApp\CapstoneProject\tomcat-10\webapps\manager] has finished in [526] ms
30-Jul-2024 18:16:25.835 INFO [main] org.apache.catalina.startup.HostConfig.deployDirectory Deploying web application directory [D:\Fanshawe\Sem 2\Capstone Project\TravelApp\CapstoneProject\tomcat-10\webapps\ROOT]
30-Jul-2024 18:16:26.368 INFO [main] org.apache.jasper.servlet.TldScanner.scanJars At least one JAR was scanned for TLDs yet contained no TLDs. Enable debug logging for this logger for a complete list of JARs that were scanned but no TLDs were found in them. Skipping unneeded JARs during scanning can improve startup time and JSP compilation time.
30-Jul-2024 18:16:26.372 INFO [main] org.apache.catalina.startup.HostConfig.deployDirectory Deployment of web application directory [D:\Fanshawe\Sem 2\Capstone Project\TravelApp\CapstoneProject\tomcat-10\webapps\ROOT] has finished in [537] ms
30-Jul-2024 18:16:26.381 INFO [main] org.apache.coyote.AbstractProtocol.start Starting ProtocolHandler ["http-nio-8080"]
30-Jul-2024 18:16:26.423 INFO [main] org.apache.catalina.startup.Catalina.start Server startup in [7056] milliseconds
30-Jul-2024 19:41:00.809 WARNING [http-nio-8080-exec-19] org.apache.catalina.util.SessionIdGeneratorBase.createSecureRandom Creation of SecureRandom instance for session ID generation using [SHA1PRNG] took [4,040] milliseconds.
30-Jul-2024 19:41:00.809 WARNING [http-nio-8080-exec-12] org.apache.catalina.util.SessionIdGeneratorBase.createSecureRandom Creation of SecureRandom instance for session ID generation using [SHA1PRNG] took [4,001] milliseconds.
30-Jul-2024 23:59:17.163 INFO [main] org.apache.catalina.startup.VersionLoggerListener.log Server version name:   Apache Tomcat/10.0.27
30-Jul-2024 23:59:17.179 INFO [main] org.apache.catalina.startup.VersionLoggerListener.log Server built:          Oct 3 2022 14:18:31 UTC
30-Jul-2024 23:59:17.179 INFO [main] org.apache.catalina.startup.VersionLoggerListener.log Server version number: 10.0.27.0
30-Jul-2024 23:59:17.179 INFO [main] org.apache.catalina.startup.VersionLoggerListener.log OS Name:               Windows 11
30-Jul-2024 23:59:17.179 INFO [main] org.apache.catalina.startup.VersionLoggerListener.log OS Version:            10.0
30-Jul-2024 23:59:17.179 INFO [main] org.apache.catalina.startup.VersionLoggerListener.log Architecture:          amd64
30-Jul-2024 23:59:17.179 INFO [main] org.apache.catalina.startup.VersionLoggerListener.log Java Home:             C:\Program Files\Java\jdk-21
30-Jul-2024 23:59:17.179 INFO [main] org.apache.catalina.startup.VersionLoggerListener.log JVM Version:           21.0.3+7-LTS-152
30-Jul-2024 23:59:17.179 INFO [main] org.apache.catalina.startup.VersionLoggerListener.log JVM Vendor:            Oracle Corporation
30-Jul-2024 23:59:17.179 INFO [main] org.apache.catalina.startup.VersionLoggerListener.log CATALINA_BASE:         D:\Fanshawe\Sem 2\Capstone Project\TravelApp\CapstoneProject\tomcat-10
30-Jul-2024 23:59:17.179 INFO [main] org.apache.catalina.startup.VersionLoggerListener.log CATALINA_HOME:         D:\Fanshawe\Sem 2\Capstone Project\TravelApp\CapstoneProject\tomcat-10
30-Jul-2024 23:59:17.179 INFO [main] org.apache.catalina.startup.VersionLoggerListener.log Command line argument: --add-opens=java.base/java.lang=ALL-UNNAMED
30-Jul-2024 23:59:17.179 INFO [main] org.apache.catalina.startup.VersionLoggerListener.log Command line argument: --add-opens=java.base/java.io=ALL-UNNAMED
30-Jul-2024 23:59:17.179 INFO [main] org.apache.catalina.startup.VersionLoggerListener.log Command line argument: --add-opens=java.base/java.util=ALL-UNNAMED
30-Jul-2024 23:59:17.179 INFO [main] org.apache.catalina.startup.VersionLoggerListener.log Command line argument: --add-opens=java.base/java.util.concurrent=ALL-UNNAMED
30-Jul-2024 23:59:17.179 INFO [main] org.apache.catalina.startup.VersionLoggerListener.log Command line argument: --add-opens=java.rmi/sun.rmi.transport=ALL-UNNAMED
30-Jul-2024 23:59:17.179 INFO [main] org.apache.catalina.startup.VersionLoggerListener.log Command line argument: -Djava.util.logging.config.file=D:\Fanshawe\Sem 2\Capstone Project\TravelApp\CapstoneProject\tomcat-10\conf\logging.properties
30-Jul-2024 23:59:17.179 INFO [main] org.apache.catalina.startup.VersionLoggerListener.log Command line argument: -Djava.util.logging.manager=org.apache.juli.ClassLoaderLogManager
30-Jul-2024 23:59:17.179 INFO [main] org.apache.catalina.startup.VersionLoggerListener.log Command line argument: -Djdk.tls.ephemeralDHKeySize=2048
30-Jul-2024 23:59:17.179 INFO [main] org.apache.catalina.startup.VersionLoggerListener.log Command line argument: -Djava.protocol.handler.pkgs=org.apache.catalina.webresources
30-Jul-2024 23:59:17.179 INFO [main] org.apache.catalina.startup.VersionLoggerListener.log Command line argument: -javaagent:C:/tools/glowroot/glowroot.jar
30-Jul-2024 23:59:17.179 INFO [main] org.apache.catalina.startup.VersionLoggerListener.log Command line argument: -Dignore.endorsed.dirs=
30-Jul-2024 23:59:17.179 INFO [main] org.apache.catalina.startup.VersionLoggerListener.log Command line argument: -Dcatalina.base=D:\Fanshawe\Sem 2\Capstone Project\TravelApp\CapstoneProject\tomcat-10
30-Jul-2024 23:59:17.179 INFO [main] org.apache.catalina.startup.VersionLoggerListener.log Command line argument: -Dcatalina.home=D:\Fanshawe\Sem 2\Capstone Project\TravelApp\CapstoneProject\tomcat-10
30-Jul-2024 23:59:17.179 INFO [main] org.apache.catalina.startup.VersionLoggerListener.log Command line argument: -Djava.io.tmpdir=D:\Fanshawe\Sem 2\Capstone Project\TravelApp\CapstoneProject\tomcat-10\temp
30-Jul-2024 23:59:17.210 INFO [main] org.apache.catalina.core.AprLifecycleListener.lifecycleEvent The Apache Tomcat Native library which allows using OpenSSL was not found on the java.library.path: [C:\Program Files\Java\jdk-21\bin;C:\WINDOWS\Sun\Java\bin;C:\WINDOWS\system32;C:\WINDOWS;C:\Program Files (x86)\NVIDIA Corporation\PhysX\Common;C:\Python310;C:\Python310\;C:\Program Files\Common Files\Oracle\Java\javapath;C:\oraclexe\app\oracle\product\11.2.0\server\bin;C:\Program Files\Python39\Scripts\;C:\Program Files\Python39\;C:\WINDOWS\system32;C:\WINDOWS;C:\WINDOWS\System32\Wbem;C:\WINDOWS\System32\WindowsPowerShell\v1.0\;C:\WINDOWS\System32\OpenSSH\;C:\Android;C:\Windows\System32;C:\Program Files\Git\cmd;E:\Downloads\apache-maven-3.9.3-bin\apache-maven-3.9.3\bin;C:\Program Files\Docker\Docker\resources\bin;C:\Program Files\Amazon\AWSCLIV2\;C:\Program Files\nodejs\;C:\Program Files\Java\jdk-21\bin;D:\apache-maven-3.9.3\bin;C:\Program Files\MySQL\MySQL Server 8.0\bin;C:\Program Files\MySQL\MySQL Shell 8.0\bin\;C:\Users\Rutvik Patel\AppData\Local\Microsoft\WindowsApps;C:\Users\Rutvik Patel\AppData\Local\Programs\Microsoft VS Code\bin;C:\Program Files (x86)\mingw-w64\i686-8.1.0-posix-dwarf-rt_v6-rev0\mingw32\bin;C:\MinGW\bin;C:\Program Files\Java\jdk-16.0.2\bin;C:\Python310;C:\Users\Rutvik Patel\AppData\Local\Programs\Hyper\resources\bin;C:\Users\Rutvik Patel\AppData\Local\GitHubDesktop\bin;C:\Users\Rutvik Patel\AppData\Local\Programs\Python\Python311\Scripts;C:\Users\Rutvik Patel\AppData\Local\Programs\Python\Python311;C:\Users\Rutvik Patel\AppData\Roaming\npm;E:\Downloads\apache-maven-3.9.3-bin\apache-maven-3.9.3\bin;;.]
30-Jul-2024 23:59:17.710 INFO [main] org.apache.coyote.AbstractProtocol.init Initializing ProtocolHandler ["http-nio-8080"]
30-Jul-2024 23:59:17.757 INFO [main] org.apache.catalina.startup.Catalina.load Server initialization in [1232] milliseconds
30-Jul-2024 23:59:17.976 INFO [main] org.apache.catalina.core.StandardService.startInternal Starting service [Catalina]
30-Jul-2024 23:59:17.976 INFO [main] org.apache.catalina.core.StandardEngine.startInternal Starting Servlet engine: [Apache Tomcat/10.0.27]
30-Jul-2024 23:59:18.085 INFO [main] org.apache.catalina.startup.HostConfig.deployWAR Deploying web application archive [D:\Fanshawe\Sem 2\Capstone Project\TravelApp\CapstoneProject\tomcat-10\webapps\TravelApp.war]
30-Jul-2024 23:59:19.836 INFO [main] org.apache.jasper.servlet.TldScanner.scanJars At least one JAR was scanned for TLDs yet contained no TLDs. Enable debug logging for this logger for a complete list of JARs that were scanned but no TLDs were found in them. Skipping unneeded JARs during scanning can improve startup time and JSP compilation time.
30-Jul-2024 23:59:20.011 INFO [main] org.apache.catalina.startup.HostConfig.deployWAR Deployment of web application archive [D:\Fanshawe\Sem 2\Capstone Project\TravelApp\CapstoneProject\tomcat-10\webapps\TravelApp.war] has finished in [1,922] ms
30-Jul-2024 23:59:20.014 INFO [main] org.apache.catalina.startup.HostConfig.deployDirectory Deploying web application directory [D:\Fanshawe\Sem 2\Capstone Project\TravelApp\CapstoneProject\tomcat-10\webapps\attic2]
30-Jul-2024 23:59:20.541 INFO [main] org.apache.jasper.servlet.TldScanner.scanJars At least one JAR was scanned for TLDs yet contained no TLDs. Enable debug logging for this logger for a complete list of JARs that were scanned but no TLDs were found in them. Skipping unneeded JARs during scanning can improve startup time and JSP compilation time.
30-Jul-2024 23:59:20.545 INFO [main] org.apache.catalina.startup.HostConfig.deployDirectory Deployment of web application directory [D:\Fanshawe\Sem 2\Capstone Project\TravelApp\CapstoneProject\tomcat-10\webapps\attic2] has finished in [530] ms
30-Jul-2024 23:59:20.545 INFO [main] org.apache.catalina.startup.HostConfig.deployDirectory Deploying web application directory [D:\Fanshawe\Sem 2\Capstone Project\TravelApp\CapstoneProject\tomcat-10\webapps\docs]
30-Jul-2024 23:59:21.066 INFO [main] org.apache.jasper.servlet.TldScanner.scanJars At least one JAR was scanned for TLDs yet contained no TLDs. Enable debug logging for this logger for a complete list of JARs that were scanned but no TLDs were found in them. Skipping unneeded JARs during scanning can improve startup time and JSP compilation time.
30-Jul-2024 23:59:21.070 INFO [main] org.apache.catalina.startup.HostConfig.deployDirectory Deployment of web application directory [D:\Fanshawe\Sem 2\Capstone Project\TravelApp\CapstoneProject\tomcat-10\webapps\docs] has finished in [525] ms
30-Jul-2024 23:59:21.071 INFO [main] org.apache.catalina.startup.HostConfig.deployDirectory Deploying web application directory [D:\Fanshawe\Sem 2\Capstone Project\TravelApp\CapstoneProject\tomcat-10\webapps\examples]
30-Jul-2024 23:59:22.977 INFO [main] org.apache.jasper.servlet.TldScanner.scanJars At least one JAR was scanned for TLDs yet contained no TLDs. Enable debug logging for this logger for a complete list of JARs that were scanned but no TLDs were found in them. Skipping unneeded JARs during scanning can improve startup time and JSP compilation time.
30-Jul-2024 23:59:23.160 INFO [main] org.apache.catalina.startup.HostConfig.deployDirectory Deployment of web application directory [D:\Fanshawe\Sem 2\Capstone Project\TravelApp\CapstoneProject\tomcat-10\webapps\examples] has finished in [2,088] ms
30-Jul-2024 23:59:23.161 INFO [main] org.apache.catalina.startup.HostConfig.deployDirectory Deploying web application directory [D:\Fanshawe\Sem 2\Capstone Project\TravelApp\CapstoneProject\tomcat-10\webapps\host-manager]
30-Jul-2024 23:59:23.823 INFO [main] org.apache.jasper.servlet.TldScanner.scanJars At least one JAR was scanned for TLDs yet contained no TLDs. Enable debug logging for this logger for a complete list of JARs that were scanned but no TLDs were found in them. Skipping unneeded JARs during scanning can improve startup time and JSP compilation time.
30-Jul-2024 23:59:23.835 INFO [main] org.apache.catalina.startup.HostConfig.deployDirectory Deployment of web application directory [D:\Fanshawe\Sem 2\Capstone Project\TravelApp\CapstoneProject\tomcat-10\webapps\host-manager] has finished in [675] ms
30-Jul-2024 23:59:23.836 INFO [main] org.apache.catalina.startup.HostConfig.deployDirectory Deploying web application directory [D:\Fanshawe\Sem 2\Capstone Project\TravelApp\CapstoneProject\tomcat-10\webapps\manager]
30-Jul-2024 23:59:24.345 INFO [main] org.apache.jasper.servlet.TldScanner.scanJars At least one JAR was scanned for TLDs yet contained no TLDs. Enable debug logging for this logger for a complete list of JARs that were scanned but no TLDs were found in them. Skipping unneeded JARs during scanning can improve startup time and JSP compilation time.
30-Jul-2024 23:59:24.349 INFO [main] org.apache.catalina.startup.HostConfig.deployDirectory Deployment of web application directory [D:\Fanshawe\Sem 2\Capstone Project\TravelApp\CapstoneProject\tomcat-10\webapps\manager] has finished in [513] ms
30-Jul-2024 23:59:24.350 INFO [main] org.apache.catalina.startup.HostConfig.deployDirectory Deploying web application directory [D:\Fanshawe\Sem 2\Capstone Project\TravelApp\CapstoneProject\tomcat-10\webapps\ROOT]
30-Jul-2024 23:59:24.769 INFO [main] org.apache.jasper.servlet.TldScanner.scanJars At least one JAR was scanned for TLDs yet contained no TLDs. Enable debug logging for this logger for a complete list of JARs that were scanned but no TLDs were found in them. Skipping unneeded JARs during scanning can improve startup time and JSP compilation time.
30-Jul-2024 23:59:24.772 INFO [main] org.apache.catalina.startup.HostConfig.deployDirectory Deployment of web application directory [D:\Fanshawe\Sem 2\Capstone Project\TravelApp\CapstoneProject\tomcat-10\webapps\ROOT] has finished in [422] ms
30-Jul-2024 23:59:24.781 INFO [main] org.apache.coyote.AbstractProtocol.start Starting ProtocolHandler ["http-nio-8080"]
30-Jul-2024 23:59:24.814 INFO [main] org.apache.catalina.startup.Catalina.start Server startup in [7049] milliseconds
